0 info it worked if it ends with ok
1 verbose cli [ 'C:\\Program Files\\nodejs\\\\node.exe',
1 verbose cli   'C:\\Program Files\\nodejs\\node_modules\\npm\\bin\\npm-cli.js',
1 verbose cli   'publish' ]
2 info using npm@2.5.1
3 info using node@v0.12.0
4 verbose node symlink C:\Program Files\nodejs\\node.exe
5 verbose publish [ '.' ]
6 silly cache add args [ '.', null ]
7 verbose cache add spec .
8 silly cache add parsed spec { raw: '.',
8 silly cache add   scope: null,
8 silly cache add   name: null,
8 silly cache add   rawSpec: '.',
8 silly cache add   spec: 'D:\\NodeDemos\\calculatorapp',
8 silly cache add   type: 'directory' }
9 verbose addLocalDirectory C:\Users\arnav\AppData\Roaming\npm-cache\calculatorapp\0.0.1\package.tgz not in flight; packing
10 verbose tar pack [ 'C:\\Users\\arnav\\AppData\\Roaming\\npm-cache\\calculatorapp\\0.0.1\\package.tgz',
10 verbose tar pack   'D:\\NodeDemos\\calculatorapp' ]
11 verbose tarball C:\Users\arnav\AppData\Roaming\npm-cache\calculatorapp\0.0.1\package.tgz
12 verbose folder D:\NodeDemos\calculatorapp
13 info prepublish calculatorapp@0.0.1
14 verbose addLocalTarball adding from inside cache C:\Users\arnav\AppData\Roaming\npm-cache\calculatorapp\0.0.1\package.tgz
15 silly cache afterAdd calculatorapp@0.0.1
16 verbose afterAdd C:\Users\arnav\AppData\Roaming\npm-cache\calculatorapp\0.0.1\package\package.json not in flight; writing
17 verbose afterAdd C:\Users\arnav\AppData\Roaming\npm-cache\calculatorapp\0.0.1\package\package.json written
18 silly publish { name: 'calculatorapp',
18 silly publish   version: '0.0.1',
18 silly publish   description: 'calculator demo',
18 silly publish   main: 'index.js',
18 silly publish   scripts:
18 silly publish    { test: 'echo "Error: no test specified" && exit 1',
18 silly publish      start: 'node app.js' },
18 silly publish   keywords: [ 'calc' ],
18 silly publish   author: { name: 'amitsrivastava' },
18 silly publish   license: 'ISC',
18 silly publish   readme: 'ERROR: No README data found!',
18 silly publish   _id: 'calculatorapp@0.0.1',
18 silly publish   _shasum: '0caff04d8ae86429c543b7198dfd6e504e90a35a',
18 silly publish   _from: '.' }
19 silly mapToRegistry name calculatorapp
20 silly mapToRegistry using default registry
21 silly mapToRegistry registry https://registry.npmjs.org/
22 silly mapToRegistry uri https://registry.npmjs.org/calculatorapp
23 verbose publish registryBase https://registry.npmjs.org/
24 silly publish uploading C:\Users\arnav\AppData\Roaming\npm-cache\calculatorapp\0.0.1\package.tgz
25 verbose request uri https://registry.npmjs.org/calculatorapp
26 verbose request sending authorization for write operation
27 info attempt registry request try #1 at 12:47:30 PM
28 verbose request using bearer token for auth
29 verbose request id a48640defa45a21e
30 http request PUT https://registry.npmjs.org/calculatorapp
31 http 403 https://registry.npmjs.org/calculatorapp
32 verbose headers { 'content-type': 'application/json',
32 verbose headers   'cache-control': 'max-age=60',
32 verbose headers   'content-length': '105',
32 verbose headers   'accept-ranges': 'bytes',
32 verbose headers   date: 'Mon, 12 Oct 2015 07:17:28 GMT',
32 verbose headers   via: '1.1 varnish',
32 verbose headers   connection: 'keep-alive',
32 verbose headers   'x-served-by': 'cache-sin6920-SIN',
32 verbose headers   'x-cache': 'MISS',
32 verbose headers   'x-cache-hits': '0',
32 verbose headers   'x-timer': 'S1444634248.139592,VS0,VE417' }
33 verbose request invalidating C:\Users\arnav\AppData\Roaming\npm-cache\registry.npmjs.org\calculatorapp on PUT
34 error publish Failed PUT 403
35 verbose stack Error: You do not have permission to publish 'calculatorapp'. Are you logged in as the correct user? : calculatorapp
35 verbose stack     at CachingRegistryClient.<anonymous> (C:\Program Files\nodejs\node_modules\npm\node_modules\npm-registry-client\lib\request.js:254:14)
35 verbose stack     at Request._callback (C:\Program Files\nodejs\node_modules\npm\node_modules\npm-registry-client\lib\request.js:178:14)
35 verbose stack     at Request.self.callback (C:\Program Files\nodejs\node_modules\npm\node_modules\request\request.js:344:22)
35 verbose stack     at Request.emit (events.js:110:17)
35 verbose stack     at Request.<anonymous> (C:\Program Files\nodejs\node_modules\npm\node_modules\request\request.js:1239:14)
35 verbose stack     at Request.emit (events.js:129:20)
35 verbose stack     at IncomingMessage.<anonymous> (C:\Program Files\nodejs\node_modules\npm\node_modules\request\request.js:1187:12)
35 verbose stack     at IncomingMessage.emit (events.js:129:20)
35 verbose stack     at _stream_readable.js:908:16
35 verbose stack     at process._tickCallback (node.js:355:11)
36 verbose statusCode 403
37 verbose pkgid calculatorapp
38 verbose cwd D:\NodeDemos\calculatorapp
39 error Windows_NT 6.3.9600
40 error argv "C:\\Program Files\\nodejs\\\\node.exe" "C:\\Program Files\\nodejs\\node_modules\\npm\\bin\\npm-cli.js" "publish"
41 error node v0.12.0
42 error npm  v2.5.1
43 error code E403
44 error You do not have permission to publish 'calculatorapp'. Are you logged in as the correct user? : calculatorapp
45 error If you need help, you may report this error at:
45 error     <http://github.com/npm/npm/issues>
46 verbose exit [ 1, true ]
